[2016-06-27 16:10:25] local.ERROR: exception 'Symfony\Component\Debug\Exception\FatalErrorException' with message 'Cannot redeclare App\Http\Controllers\admin\goodController::destroy()' in /www/web/anchongnet/app/Http/Controllers/admin/goodController.php:279
Stack trace:
#0 /www/web/anchongnet/vendor/laravel/framework/src/Illuminate/Foundation/Bootstrap/HandleExceptions.php(133): Symfony\Component\Debug\Exception\FatalErrorException->__construct()
#1 /www/web/anchongnet/vendor/laravel/framework/src/Illuminate/Foundation/Bootstrap/HandleExceptions.php(118): Illuminate\Foundation\Bootstrap\HandleExceptions->fatalExceptionFromError()
#2 /www/web/anchongnet/vendor/laravel/framework/src/Illuminate/Foundation/Bootstrap/HandleExceptions.php(0): Illuminate\Foundation\Bootstrap\HandleExceptions->handleShutdown()
#3 /www/web/anchongnet/vendor/composer/ClassLoader.php(301): Composer\Autoload\includeFile()
#4 /www/web/anchongnet/vendor/laravel/framework/src/Illuminate/Routing/Route.php(0): Composer\Autoload\ClassLoader->loadClass()
#5 /www/web/anchongnet/vendor/laravel/framework/src/Illuminate/Routing/Route.php(280): spl_autoload_call()
#6 /www/web/anchongnet/vendor/laravel/framework/src/Illuminate/Routing/Route.php(280): ReflectionMethod->__construct()
#7 /www/web/anchongnet/vendor/laravel/framework/src/Illuminate/Routing/Router.php(859): Illuminate\Routing\Route->signatureParameters()
#8 /www/web/anchongnet/vendor/laravel/framework/src/Illuminate/Routing/Router.php(844): Illuminate\Routing\Router->substituteImplicitBindings()
#9 /www/web/anchongnet/vendor/laravel/framework/src/Illuminate/Routing/Router.php(827): Illuminate\Routing\Router->substituteBindings()
#10 /www/web/anchongnet/vendor/laravel/framework/src/Illuminate/Routing/Router.php(691): Illuminate\Routing\Router->findRoute()
#11 /www/web/anchongnet/vendor/laravel/framework/src/Illuminate/Routing/Router.php(675): Illuminate\Routing\Router->dispatchToRoute()
#12 /www/web/anchongnet/vendor/laravel/framework/src/Illuminate/Foundation/Http/Kernel.php(246): Illuminate\Routing\Router->dispatch()
#13 /www/web/anchongnet/vendor/laravel/framework/src/Illuminate/Routing/Pipeline.php(52): Illuminate\Foundation\Http\Kernel->Illuminate\Foundation\Http\{closure}()
#14 /www/web/anchongnet/vendor/laravel/framework/src/Illuminate/Routing/Pipeline.php(52): call_user_func:{/www/web/anchongnet/vendor/laravel/framework/src/Illuminate/Routing/Pipeline.php:52}()
#15 /www/web/anchongnet/vendor/laravel/framework/src/Illuminate/View/Middleware/ShareErrorsFromSession.php(49): Illuminate\Routing\Pipeline->Illuminate\Routing\{closure}()
#16 /www/web/anchongnet/vendor/laravel/framework/src/Illuminate/Pipeline/Pipeline.php(136): Illuminate\View\Middleware\ShareErrorsFromSession->handle()
#17 /www/web/anchongnet/vendor/laravel/framework/src/Illuminate/Pipeline/Pipeline.php(136): call_user_func_array:{/www/web/anchongnet/vendor/laravel/framework/src/Illuminate/Pipeline/Pipeline.php:136}()
#18 /www/web/anchongnet/vendor/laravel/framework/src/Illuminate/Routing/Pipeline.php(32): Illuminate\Pipeline\Pipeline->Illuminate\Pipeline\{closure}()
#19 /www/web/anchongnet/vendor/laravel/framework/src/Illuminate/Routing/Pipeline.php(32): call_user_func:{/www/web/anchongnet/vendor/laravel/framework/src/Illuminate/Routing/Pipeline.php:32}()
#20 /www/web/anchongnet/vendor/laravel/framework/src/Illuminate/Session/Middleware/StartSession.php(62): Illuminate\Routing\Pipeline->Illuminate\Routing\{closure}()
#21 /www/web/anchongnet/vendor/laravel/framework/src/Illuminate/Pipeline/Pipeline.php(136): Illuminate\Session\Middleware\StartSession->handle()
#22 /www/web/anchongnet/vendor/laravel/framework/src/Illuminate/Pipeline/Pipeline.php(136): call_user_func_array:{/www/web/anchongnet/vendor/laravel/framework/src/Illuminate/Pipeline/Pipeline.php:136}()
#23 /www/web/anchongnet/vendor/laravel/framework/src/Illuminate/Routing/Pipeline.php(32): Illuminate\Pipeline\Pipeline->Illuminate\Pipeline\{closure}()
#24 /www/web/anchongnet/vendor/laravel/framework/src/Illuminate/Routing/Pipeline.php(32): call_user_func:{/www/web/anchongnet/vendor/laravel/framework/src/Illuminate/Routing/Pipeline.php:32}()
#25 /www/web/anchongnet/vendor/laravel/framework/src/Illuminate/Cookie/Middleware/AddQueuedCookiesToResponse.php(37): Illuminate\Routing\Pipeline->Illuminate\Routing\{closure}()
#26 /www/web/anchongnet/vendor/laravel/framework/src/Illuminate/Pipeline/Pipeline.php(136): Illuminate\Cookie\Middleware\AddQueuedCookiesToResponse->handle()
#27 /www/web/anchongnet/vendor/laravel/framework/src/Illuminate/Pipeline/Pipeline.php(136): call_user_func_array:{/www/web/anchongnet/vendor/laravel/framework/src/Illuminate/Pipeline/Pipeline.php:136}()
#28 /www/web/anchongnet/vendor/laravel/framework/src/Illuminate/Routing/Pipeline.php(32): Illuminate\Pipeline\Pipeline->Illuminate\Pipeline\{closure}()
#29 /www/web/anchongnet/vendor/laravel/framework/src/Illuminate/Routing/Pipeline.php(32): call_user_func:{/www/web/anchongnet/vendor/laravel/framework/src/Illuminate/Routing/Pipeline.php:32}()
#30 /www/web/anchongnet/vendor/laravel/framework/src/Illuminate/Cookie/Middleware/EncryptCookies.php(59): Illuminate\Routing\Pipeline->Illuminate\Routing\{closure}()
#31 /www/web/anchongnet/vendor/laravel/framework/src/Illuminate/Pipeline/Pipeline.php(136): Illuminate\Cookie\Middleware\EncryptCookies->handle()
#32 /www/web/anchongnet/vendor/laravel/framework/src/Illuminate/Pipeline/Pipeline.php(136): call_user_func_array:{/www/web/anchongnet/vendor/laravel/framework/src/Illuminate/Pipeline/Pipeline.php:136}()
#33 /www/web/anchongnet/vendor/laravel/framework/src/Illuminate/Routing/Pipeline.php(32): Illuminate\Pipeline\Pipeline->Illuminate\Pipeline\{closure}()
#34 /www/web/anchongnet/vendor/laravel/framework/src/Illuminate/Routing/Pipeline.php(32): call_user_func:{/www/web/anchongnet/vendor/laravel/framework/src/Illuminate/Routing/Pipeline.php:32}()
#35 /www/web/anchongnet/vendor/laravel/framework/src/Illuminate/Foundation/Http/Middleware/CheckForMaintenanceMode.php(44): Illuminate\Routing\Pipeline->Illuminate\Routing\{closure}()
#36 /www/web/anchongnet/vendor/laravel/framework/src/Illuminate/Pipeline/Pipeline.php(136): Illuminate\Foundation\Http\Middleware\CheckForMaintenanceMode->handle()
#37 /www/web/anchongnet/vendor/laravel/framework/src/Illuminate/Pipeline/Pipeline.php(136): call_user_func_array:{/www/web/anchongnet/vendor/laravel/framework/src/Illuminate/Pipeline/Pipeline.php:136}()
#38 /www/web/anchongnet/vendor/laravel/framework/src/Illuminate/Routing/Pipeline.php(32): Illuminate\Pipeline\Pipeline->Illuminate\Pipeline\{closure}()
#39 /www/web/anchongnet/vendor/laravel/framework/src/Illuminate/Routing/Pipeline.php(32): call_user_func:{/www/web/anchongnet/vendor/laravel/framework/src/Illuminate/Routing/Pipeline.php:32}()
#40 /www/web/anchongnet/vendor/laravel/framework/src/Illuminate/Pipeline/Pipeline.php(103): Illuminate\Routing\Pipeline->Illuminate\Routing\{closure}()
#41 /www/web/anchongnet/vendor/laravel/framework/src/Illuminate/Pipeline/Pipeline.php(103): call_user_func:{/www/web/anchongnet/vendor/laravel/framework/src/Illuminate/Pipeline/Pipeline.php:103}()
#42 /www/web/anchongnet/vendor/laravel/framework/src/Illuminate/Foundation/Http/Kernel.php(132): Illuminate\Pipeline\Pipeline->then()
#43 /www/web/anchongnet/vendor/laravel/framework/src/Illuminate/Foundation/Http/Kernel.php(99): Illuminate\Foundation\Http\Kernel->sendRequestThroughRouter()
#44 /www/web/anchongnet/public/index.php(54): Illuminate\Foundation\Http\Kernel->handle()
#45 /www/web/anchongnet/public/index.php(0): {main}()
#46 {main}  
[2016-06-27 16:10:41] local.ERROR: exception 'BadMethodCallException' with message 'Call to undefined method Illuminate\Database\Query\Builder::User()' in /www/web/anchongnet/vendor/laravel/framework/src/Illuminate/Database/Query/Builder.php:2258
Stack trace:
#0 [internal function]: Illuminate\Database\Query\Builder->__call('User', Array)
#1 [internal function]: Illuminate\Database\Query\Builder->User(1)
#2 /www/web/anchongnet/vendor/laravel/framework/src/Illuminate/Database/Eloquent/Builder.php(1340): call_user_func_array(Array, Array)
#3 [internal function]: Illuminate\Database\Eloquent\Builder->__call('User', Array)
#4 [internal function]: Illuminate\Database\Eloquent\Builder->User(1)
#5 /www/web/anchongnet/vendor/laravel/framework/src/Illuminate/Database/Eloquent/Model.php(3493): call_user_func_array(Array, Array)
#6 /www/web/anchongnet/app/Http/Controllers/admin/informationController.php(45): Illuminate\Database\Eloquent\Model->__call('User', Array)
#7 /www/web/anchongnet/app/Http/Controllers/admin/informationController.php(45): App\Information->User(1)
#8 [internal function]: App\Http\Controllers\admin\informationController->index()
#9 /www/web/anchongnet/vendor/laravel/framework/src/Illuminate/Routing/Controller.php(80): call_user_func_array(Array, Array)
#10 /www/web/anchongnet/vendor/laravel/framework/src/Illuminate/Routing/ControllerDispatcher.php(146): Illuminate\Routing\Controller->callAction('index', Array)
#11 /www/web/anchongnet/vendor/laravel/framework/src/Illuminate/Routing/ControllerDispatcher.php(94): Illuminate\Routing\ControllerDispatcher->call(Object(App\Http\Controllers\admin\informationController), Object(Illuminate\Routing\Route), 'index')
#12 [internal function]: Illuminate\Routing\ControllerDispatcher->Illuminate\Routing\{closure}(Object(Illuminate\Http\Request))
#13 /www/web/anchongnet/vendor/laravel/framework/src/Illuminate/Routing/Pipeline.php(52): call_user_func(Object(Closure), Object(Illuminate\Http\Request))
#14 [internal function]: Illuminate\Routing\Pipeline->Illuminate\Routing\{closure}(Object(Illuminate\Http\Request))
#15 /www/web/anchongnet/vendor/laravel/framework/src/Illuminate/Pipeline/Pipeline.php(103): call_user_func(Object(Closure), Object(Illuminate\Http\Request))
#16 /www/web/anchongnet/vendor/laravel/framework/src/Illuminate/Routing/ControllerDispatcher.php(96): Illuminate\Pipeline\Pipeline->then(Object(Closure))
#17 /www/web/anchongnet/vendor/laravel/framework/src/Illuminate/Routing/ControllerDispatcher.php(54): Illuminate\Routing\ControllerDispatcher->callWithinStack(Object(App\Http\Controllers\admin\informationController), Object(Illuminate\Routing\Route), Object(Illuminate\Http\Request), 'index')
#18 /www/web/anchongnet/vendor/laravel/framework/src/Illuminate/Routing/Route.php(174): Illuminate\Routing\ControllerDispatcher->dispatch(Object(Illuminate\Routing\Route), Object(Illuminate\Http\Request), 'App\\Http\\Contro...', 'index')
#19 /www/web/anchongnet/vendor/laravel/framework/src/Illuminate/Routing/Route.php(140): Illuminate\Routing\Route->runController(Object(Illuminate\Http\Request))
#20 /www/web/anchongnet/vendor/laravel/framework/src/Illuminate/Routing/Router.php(724): Illuminate\Routing\Route->run(Object(Illuminate\Http\Request))
#21 [internal function]: Illuminate\Routing\Router->Illuminate\Routing\{closure}(Object(Illuminate\Http\Request))
#22 /www/web/anchongnet/vendor/laravel/framework/src/Illuminate/Routing/Pipeline.php(52): call_user_func(Object(Closure), Object(Illuminate\Http\Request))
#23 /www/web/anchongnet/app/Http/Middleware/LoginAuthen.php(23): Illuminate\Routing\Pipeline->Illuminate\Routing\{closure}(Object(Illuminate\Http\Request))
#24 [internal function]: App\Http\Middleware\LoginAuthen->handle(Object(Illuminate\Http\Request), Object(Closure))
#25 /www/web/anchongnet/vendor/laravel/framework/src/Illuminate/Pipeline/Pipeline.php(136): call_user_func_array(Array, Array)
#26 [internal function]: Illuminate\Pipeline\Pipeline->Illuminate\Pipeline\{closure}(Object(Illuminate\Http\Request))
#27 /www/web/anchongnet/vendor/laravel/framework/src/Illuminate/Routing/Pipeline.php(32): call_user_func(Object(Closure), Object(Illuminate\Http\Request))
#28 [internal function]: Illuminate\Routing\Pipeline->Illuminate\Routing\{closure}(Object(Illuminate\Http\Request))
#29 /www/web/anchongnet/vendor/laravel/framework/src/Illuminate/Pipeline/Pipeline.php(103): call_user_func(Object(Closure), Object(Illuminate\Http\Request))
#30 /www/web/anchongnet/vendor/laravel/framework/src/Illuminate/Routing/Router.php(726): Illuminate\Pipeline\Pipeline->then(Object(Closure))
#31 /www/web/anchongnet/vendor/laravel/framework/src/Illuminate/Routing/Router.php(699): Illuminate\Routing\Router->runRouteWithinStack(Object(Illuminate\Routing\Route), Object(Illuminate\Http\Request))
#32 /www/web/anchongnet/vendor/laravel/framework/src/Illuminate/Routing/Router.php(675): Illuminate\Routing\Router->dispatchToRoute(Object(Illuminate\Http\Request))
#33 /www/web/anchongnet/vendor/laravel/framework/src/Illuminate/Foundation/Http/Kernel.php(246): Illuminate\Routing\Router->dispatch(Object(Illuminate\Http\Request))
#34 [internal function]: Illuminate\Foundation\Http\Kernel->Illuminate\Foundation\Http\{closure}(Object(Illuminate\Http\Request))
#35 /www/web/anchongnet/vendor/laravel/framework/src/Illuminate/Routing/Pipeline.php(52): call_user_func(Object(Closure), Object(Illuminate\Http\Request))
#36 /www/web/anchongnet/vendor/laravel/framework/src/Illuminate/View/Middleware/ShareErrorsFromSession.php(49): Illuminate\Routing\Pipeline->Illuminate\Routing\{closure}(Object(Illuminate\Http\Request))
#37 [internal function]: Illuminate\View\Middleware\ShareErrorsFromSession->handle(Object(Illuminate\Http\Request), Object(Closure))
#38 /www/web/anchongnet/vendor/laravel/framework/src/Illuminate/Pipeline/Pipeline.php(136): call_user_func_array(Array, Array)
#39 [internal function]: Illuminate\Pipeline\Pipeline->Illuminate\Pipeline\{closure}(Object(Illuminate\Http\Request))
#40 /www/web/anchongnet/vendor/laravel/framework/src/Illuminate/Routing/Pipeline.php(32): call_user_func(Object(Closure), Object(Illuminate\Http\Request))
#41 /www/web/anchongnet/vendor/laravel/framework/src/Illuminate/Session/Middleware/StartSession.php(62): Illuminate\Routing\Pipeline->Illuminate\Routing\{closure}(Object(Illuminate\Http\Request))
#42 [internal function]: Illuminate\Session\Middleware\StartSession->handle(Object(Illuminate\Http\Request), Object(Closure))
#43 /www/web/anchongnet/vendor/laravel/framework/src/Illuminate/Pipeline/Pipeline.php(136): call_user_func_array(Array, Array)
#44 [internal function]: Illuminate\Pipeline\Pipeline->Illuminate\Pipeline\{closure}(Object(Illuminate\Http\Request))
#45 /www/web/anchongnet/vendor/laravel/framework/src/Illuminate/Routing/Pipeline.php(32): call_user_func(Object(Closure), Object(Illuminate\Http\Request))
#46 /www/web/anchongnet/vendor/laravel/framework/src/Illuminate/Cookie/Middleware/AddQueuedCookiesToResponse.php(37): Illuminate\Routing\Pipeline->Illuminate\Routing\{closure}(Object(Illuminate\Http\Request))
#47 [internal function]: Illuminate\Cookie\Middleware\AddQueuedCookiesToResponse->handle(Object(Illuminate\Http\Request), Object(Closure))
#48 /www/web/anchongnet/vendor/laravel/framework/src/Illuminate/Pipeline/Pipeline.php(136): call_user_func_array(Array, Array)
#49 [internal function]: Illuminate\Pipeline\Pipeline->Illuminate\Pipeline\{closure}(Object(Illuminate\Http\Request))
#50 /www/web/anchongnet/vendor/laravel/framework/src/Illuminate/Routing/Pipeline.php(32): call_user_func(Object(Closure), Object(Illuminate\Http\Request))
#51 /www/web/anchongnet/vendor/laravel/framework/src/Illuminate/Cookie/Middleware/EncryptCookies.php(59): Illuminate\Routing\Pipeline->Illuminate\Routing\{closure}(Object(Illuminate\Http\Request))
#52 [internal function]: Illuminate\Cookie\Middleware\EncryptCookies->handle(Object(Illuminate\Http\Request), Object(Closure))
#53 /www/web/anchongnet/vendor/laravel/framework/src/Illuminate/Pipeline/Pipeline.php(136): call_user_func_array(Array, Array)
#54 [internal function]: Illuminate\Pipeline\Pipeline->Illuminate\Pipeline\{closure}(Object(Illuminate\Http\Request))
#55 /www/web/anchongnet/vendor/laravel/framework/src/Illuminate/Routing/Pipeline.php(32): call_user_func(Object(Closure), Object(Illuminate\Http\Request))
#56 /www/web/anchongnet/vendor/laravel/framework/src/Illuminate/Foundation/Http/Middleware/CheckForMaintenanceMode.php(44): Illuminate\Routing\Pipeline->Illuminate\Routing\{closure}(Object(Illuminate\Http\Request))
#57 [internal function]: Illuminate\Foundation\Http\Middleware\CheckForMaintenanceMode->handle(Object(Illuminate\Http\Request), Object(Closure))
#58 /www/web/anchongnet/vendor/laravel/framework/src/Illuminate/Pipeline/Pipeline.php(136): call_user_func_array(Array, Array)
#59 [internal function]: Illuminate\Pipeline\Pipeline->Illuminate\Pipeline\{closure}(Object(Illuminate\Http\Request))
#60 /www/web/anchongnet/vendor/laravel/framework/src/Illuminate/Routing/Pipeline.php(32): call_user_func(Object(Closure), Object(Illuminate\Http\Request))
#61 [internal function]: Illuminate\Routing\Pipeline->Illuminate\Routing\{closure}(Object(Illuminate\Http\Request))
#62 /www/web/anchongnet/vendor/laravel/framework/src/Illuminate/Pipeline/Pipeline.php(103): call_user_func(Object(Closure), Object(Illuminate\Http\Request))
#63 /www/web/anchongnet/vendor/laravel/framework/src/Illuminate/Foundation/Http/Kernel.php(132): Illuminate\Pipeline\Pipeline->then(Object(Closure))
#64 /www/web/anchongnet/vendor/laravel/framework/src/Illuminate/Foundation/Http/Kernel.php(99): Illuminate\Foundation\Http\Kernel->sendRequestThroughRouter(Object(Illuminate\Http\Request))
#65 /www/web/anchongnet/public/index.php(54): Illuminate\Foundation\Http\Kernel->handle(Object(Illuminate\Http\Request))
#66 {main}  
